number,value,state,params_batch_size,params_channels,params_dropout,params_lr,params_weight_decay,user_attrs_best_epoch,user_attrs_val_acc,duration
0,0.990499665681504,COMPLETE,64,32-64-128-256,0.2,0.001,0.0001,6,0.9904891304347826,0 days 00:00:41.267818
1,0.9905236869439551,COMPLETE,32,16-32-64-128,0.4330880728874676,0.0003574712922600243,0.00025378155082656634,6,0.9904891304347826,0 days 00:00:26.495381
2,0.9945615051903391,COMPLETE,64,16-32-64-128,0.15212112147976886,0.0011114989443094978,0.0001256104370001356,7,0.9945652173913043,0 days 00:00:27.288431
3,0.9850240618533301,COMPLETE,64,32-64-128-256-256,0.3925879806965068,0.0004345454109729479,6.290644294586145e-06,7,0.9850543478260869,0 days 00:00:42.837400
4,0.9891439273159379,COMPLETE,128,32-64-128-256-256,0.4828160165372797,0.0005748924681991981,0.0017123375973163992,6,0.9891304347826086,0 days 00:00:45.807667
5,0.9365025355659409,PRUNED,64,32-64-128-256,0.45466020103939103,0.00028180680291847244,1.0842262717330169e-05,2,0.9375,0 days 00:00:17.691884
6,0.8587669301041948,PRUNED,128,32-64-128-256,0.46974947078209456,0.0009519754482692679,0.003795853142670641,2,0.8627717391304348,0 days 00:00:19.513410
7,0.9619969417219009,PRUNED,32,32-64-128-256-256,0.13567451588694796,0.0007641361869233315,0.0020651425578959264,2,0.9619565217391305,0 days 00:00:18.617394
8,0.9742344569692636,PRUNED,64,16-32-64-128,0.002781101200913516,0.0009130627649400535,0.0010602145006907379,3,0.9741847826086957,0 days 00:00:14.575188
9,0.9904964645399327,PRUNED,64,16-32-64-128,0.2130780863921064,0.002464964932248454,0.00229059133163969,6,0.9904891304347826,0 days 00:00:23.811881
10,0.9394537324572576,PRUNED,128,16-32-64-128,0.17209505908383063,0.0004997174147986252,3.366952718086474e-05,2,0.9402173913043478,0 days 00:00:13.257890
11,0.9904705995288836,PRUNED,32,16-32-64-128,0.3655539220123141,0.001366765231268671,0.00042623489927173607,5,0.9904891304347826,0 days 00:00:23.996086
12,0.9370369260499813,PRUNED,32,16-32-64-128,0.41885602004063505,0.00018827760194877656,8.103211369344979e-05,2,0.9375,0 days 00:00:11.654623
13,0.901681250646077,PRUNED,64,16-32-64-128,0.2841954505982828,0.0008370669302915629,4.985262819890843e-06,1,0.9415760869565217,0 days 00:00:11.486754
14,0.9030709407203787,PRUNED,64,16-32-64-128,0.3656884282641053,0.00037871669817625403,0.002196776928022844,1,0.9171195652173914,0 days 00:00:11.516650
15,0.9629457853891767,PRUNED,32,16-32-64-128,0.497764042420986,0.00021474276054607084,0.0018421490935513496,2,0.96875,0 days 00:00:14.626465
16,0.9729271432635241,PRUNED,32,16-32-64-128,0.11052375275449414,0.00020320632260839529,0.00028485524654488817,3,0.9809782608695652,0 days 00:00:18.103521
17,0.9350817469224074,PRUNED,64,32-64-128-256,0.18223566485551934,0.00011438036060824675,1.050662487562728e-06,2,0.936141304347826,0 days 00:00:17.936064
18,0.9641856478802482,PRUNED,64,32-64-128-256-256,0.04763828834263402,0.001075219226160338,1.5010354307528683e-05,2,0.9646739130434783,0 days 00:00:17.828294
19,0.9972825284300695,COMPLETE,64,16-32-64-128,0.15456697915226406,0.00183835905936748,2.1872256676194185e-05,7,0.9972826086956522,0 days 00:00:26.177244
20,0.9904853781019151,PRUNED,128,16-32-64-128,0.043772690241973694,0.0023103221633856666,5.508571077477055e-06,6,0.9904891304347826,0 days 00:00:24.175610
21,0.98084702839007,PRUNED,64,16-32-64-128,0.0702246333163687,0.0023273563571580154,4.98859539616082e-05,3,0.9836956521739131,0 days 00:00:17.729751
22,0.955820865692317,PRUNED,64,32-64-128-256-256,0.24237132502194206,0.0028423088962161117,2.035801740197005e-05,2,0.9551630434782609,0 days 00:00:17.902519
23,0.9530686535241628,PRUNED,32,32-64-128-256,0.4737162699987552,0.0004601272590067109,0.000255539699405742,2,0.967391304347826,0 days 00:00:23.170491
24,0.9891304347826086,PRUNED,32,16-32-64-128,0.13053599882951858,0.0010543294601945007,0.00015020549986578376,5,0.9904891304347826,0 days 00:00:25.299111
