number,value,state,params_alpha,params_base_channels,params_batch_size,params_dropout,params_latent_channels,params_lr,params_skip_channels,params_skip_levels,user_attrs_code_dim,user_attrs_invalid,user_attrs_score_gaussian_blur,user_attrs_score_occlusion,user_attrs_score_salt_pepper,duration
0,0.48813222448031107,COMPLETE,0.8,32,32,0.1,32,0.001,4,0,2048,,0.4978622913360596,0.45271148085594176,0.5138229012489319,0 days 00:03:18.060773
1,0.5035803526639938,COMPLETE,0.8745991883601898,48,16,0.29097295564859826,64,0.0003574712922600243,4,0,4096,,0.5196607530117034,0.46621613800525663,0.5248641669750214,0 days 00:05:43.662687
2,0.6520628611246745,COMPLETE,0.5767358556592812,48,16,0.1822634555704315,32,0.0002692655251486473,2,2,4608,,0.671579921245575,0.5884813845157624,0.6961272776126861,0 days 00:05:51.729397
3,0.4724152773618698,COMPLETE,0.9363130824940513,64,64,0.05545633665765811,16,0.0010249322216924156,4,1,2048,,0.4881428062915802,0.4428934186697006,0.4862096071243286,0 days 00:07:08.230273
4,0.46556009948253624,COMPLETE,0.9440991214702328,64,64,0.022365193103931248,16,0.0001947558230629544,2,0,1024,,0.47816106379032136,0.431684210896492,0.48683502376079557,0 days 00:07:07.153942
5,,PRUNED,0.8992457341593469,64,32,0.19126724140656393,8,0.0013780336485752,8,2,10752,code 10752 > 6144,,,,0 days 00:00:00.091437
6,,PRUNED,0.8399980123443719,48,16,0.12311487691068891,32,0.0005362853964441848,4,2,7168,code 7168 > 6144,,,,0 days 00:00:00.094588
7,0.5033879886070888,COMPLETE,0.8681066446651219,32,16,0.1281323365878769,64,0.0008622121759478739,2,0,4096,,0.5221328675746918,0.458451172709465,0.5295799255371094,0 days 00:03:22.677914
8,0.5618197838465373,COMPLETE,0.551427235108643,48,16,0.2641222728350926,32,0.00018992023782355737,2,1,2560,,0.5816883981227875,0.5164187371730804,0.5873522162437439,0 days 00:05:45.721619
9,0.6359007894992829,COMPLETE,0.6949110464799528,64,16,0.2636213545176282,16,0.00014088152666952094,2,2,3584,,0.6610504031181336,0.5752304911613464,0.6714214742183685,0 days 00:07:22.978073
10,0.6529750287532806,COMPLETE,0.5529425481300598,64,16,0.1431119706480631,32,0.00043158610246222954,2,2,4608,,0.6572781324386596,0.590883606672287,0.7107633471488952,0 days 00:07:23.301251
11,0.6591402331988018,COMPLETE,0.528095132599364,48,16,0.11138890449839174,32,0.00029040136939803297,2,2,4608,,0.6799709379673005,0.5888804376125336,0.708569324016571,0 days 00:05:51.720506
12,0.6624435206254323,COMPLETE,0.5443527385126621,64,16,0.04766146066116407,8,0.00042854715308687384,2,2,3072,,0.6661395728588104,0.6016261041164398,0.7195648849010468,0 days 00:07:23.299331
13,0.4794925510883331,PRUNED,0.6871406946815182,64,16,0.0057556055691851404,8,0.00011348555599876104,2,0,512,,,,,0 days 00:01:56.948811
14,0.49029493927955625,PRUNED,0.5161151658480283,32,16,0.02072422495223397,16,0.00029364176206747453,2,0,1024,,,,,0 days 00:00:55.298906
15,0.6539022545019786,COMPLETE,0.6163738209940728,64,32,0.020824047746490167,8,0.0005673481081452295,2,2,3072,,0.6755147337913513,0.5918627083301544,0.6943293213844299,0 days 00:07:12.125190
16,0.4758709132671356,PRUNED,0.5045558318472638,64,16,0.0936938988070516,8,0.0009771655702164258,8,0,512,,,,,0 days 00:01:56.944723
17,,PRUNED,0.5488695741660439,48,16,0.0323503848061962,64,0.0004999021305687385,2,2,6656,code 6656 > 6144,,,,0 days 00:00:00.090936
18,0.5194522261619567,PRUNED,0.6318086018736504,48,16,0.0943676605960172,8,0.00027912502185160616,2,1,1024,,,,,0 days 00:01:33.448029
19,0.634386020898819,COMPLETE,0.6810361233670219,32,16,0.18507101754326688,8,0.0006029321335431219,2,2,3072,,0.6494485914707184,0.5715746760368348,0.6821347951889039,0 days 00:03:27.428293
20,,PRUNED,0.5589322766035363,48,64,0.054008742740665125,32,0.000931796221695977,4,2,7168,code 7168 > 6144,,,,0 days 00:00:00.089116
21,0.5418555617332459,PRUNED,0.6781380869497523,64,64,0.017547982819291943,8,0.0006969697434505358,2,2,3072,,,,,0 days 00:01:56.433413
22,,PRUNED,0.5185455192056271,64,16,0.08736061602412465,8,0.0001924507575022773,8,2,10752,code 10752 > 6144,,,,0 days 00:00:00.101555
23,0.5612193703651428,PRUNED,0.7006710037974389,32,32,0.0589454897414301,8,0.00045580969251151954,2,2,3072,,,,,0 days 00:00:55.400581
24,0.659676730632782,PRUNED,0.5357099977851117,64,32,0.10656054162193437,8,0.0008170536187263819,2,2,3072,,0.6577804207801818,0.5757255673408508,,0 days 00:06:43.277750
