number,value,state,params_alpha,params_base_channels,params_batch_size,params_dropout,params_latent_channels,params_lr,params_skip_levels,user_attrs_best_epoch,user_attrs_latent_dim,user_attrs_params_M,user_attrs_val_mae,user_attrs_val_psnr,user_attrs_val_ssim,duration
0,0.5333689749240875,COMPLETE,0.8,32,32,0.1,32,0.001,0,11,2048,4.133859,0.078028105199337,19.80414390563965,0.5716343522071838,0 days 00:02:39.067438
1,0.5316729128360749,COMPLETE,0.8745991883601898,48,16,0.29097295564859826,64,0.0003574712922600243,0,11,4096,9.308131,0.0746849998831749,20.0439395904541,0.5622473359107971,0 days 00:04:36.081821
2,0.6407176971435546,COMPLETE,0.766586555987919,48,16,0.15427033152408348,8,0.0002814509271606064,1,11,512,10.592171,0.05974600464105606,22.216821670532227,0.7260148525238037,0 days 00:04:39.977608
3,0.5323770105838775,COMPLETE,0.6164509917200076,48,32,0.2727961206236346,32,0.00012476394272569445,0,11,2048,9.283523,0.07921633869409561,19.612424850463867,0.5744433999061584,0 days 00:04:22.019816
4,0.6458608269691467,COMPLETE,0.6749047803602669,48,32,0.0975990992289793,8,0.000642033033629786,1,11,512,10.592171,0.06040679290890694,22.132108688354492,0.7384189367294312,0 days 00:04:26.419705
5,0.5815343618392944,COMPLETE,0.8470716560086755,48,64,0.21870215041229618,16,0.00026000059117302663,1,11,1024,10.598323,0.06785708665847778,21.017711639404297,0.6376259326934814,0 days 00:04:22.346223
6,0.6208836793899536,COMPLETE,0.8423532718776039,32,16,0.21397343616689848,32,0.0018832519048593583,1,11,2048,4.723683,0.06507215648889542,21.543882369995117,0.7031702995300293,0 days 00:02:48.630842
7,0.6600417733192444,COMPLETE,0.6029591744712302,32,16,0.2266653415629146,16,0.0005917520523090669,1,11,1024,4.715475,0.058907974511384964,22.400476455688477,0.7600716352462769,0 days 00:02:48.651178
8,0.639812421798706,COMPLETE,0.5916355440723281,32,16,0.12422800586936636,16,0.001785058021279526,1,11,1024,4.715475,0.07262171059846878,20.744396209716797,0.7610149383544922,0 days 00:02:48.341106
9,0.6767403721809387,COMPLETE,0.5222476831625238,48,16,0.28079462131092986,16,0.000835308773021013,1,11,1024,10.598323,0.05790971592068672,22.64011573791504,0.7874778509140015,0 days 00:04:40.131106
10,0.7345960199832916,COMPLETE,0.5576437284519512,48,16,0.27862693019579654,16,0.0024410803430920973,2,11,1024,10.930099,0.04745371267199516,24.470766067504883,0.8574228882789612,0 days 00:04:46.962619
11,0.7323654353618622,COMPLETE,0.5417687729353682,48,16,0.26176420121300964,16,0.0009946133567318098,2,11,1024,10.930099,0.04646265134215355,24.54465675354004,0.8511144518852234,0 days 00:04:46.640860
12,0.7320396840572357,COMPLETE,0.5051255478243128,48,16,0.10065124477403023,64,0.0010851575105897382,2,11,4096,10.967011,0.04774472862482071,24.39887237548828,0.8541075587272644,0 days 00:04:46.922168
13,0.7269079506397247,COMPLETE,0.5845885757865991,48,16,0.22628639243454213,8,0.002105814444039321,2,11,512,10.923947,0.04852374643087387,24.204164505004883,0.8487117886543274,0 days 00:04:46.844504
14,0.7339783430099487,COMPLETE,0.6013568434151043,64,16,0.24592539383137355,16,0.002292257637970065,2,11,1024,19.421075,0.04708264768123627,24.498821258544922,0.8554861545562744,0 days 00:06:03.051498
15,0.7125643789768219,COMPLETE,0.690452109195918,64,32,0.24800315075736973,16,0.002713494181284221,2,11,1024,19.421075,0.05057750642299652,23.830785751342773,0.8293591141700745,0 days 00:05:47.309016
16,0.478302925825119,PRUNED,0.6049312228381899,48,32,0.28384085805971077,16,0.0019140099666014516,0,4,1024,9.271219,0.0992543175816536,17.87848472595215,0.5096437335014343,0 days 00:01:49.303171
17,0.7278126180171967,COMPLETE,0.6873531408674297,64,16,0.26145807169273066,32,0.0012220614532010747,2,11,2048,19.437475,0.0474495068192482,24.39152717590332,0.8458370566368103,0 days 00:06:03.758076
18,0.7323642194271087,COMPLETE,0.637771398420015,64,16,0.17042768161383826,16,0.0016921871972935443,2,11,1024,19.421075,0.046866632997989655,24.484973907470703,0.85260409116745,0 days 00:06:03.764753
19,0.6962748825550079,COMPLETE,0.5533820632525822,64,64,0.23846920876456051,16,0.0010281657741776616,2,11,1024,19.421075,0.05404481291770935,23.23712158203125,0.8116217255592346,0 days 00:05:41.652165
20,0.47867791056632997,PRUNED,0.59042601351202,32,16,0.2795623896438674,16,0.0029216590640077957,0,4,1024,4.125651,0.10743127763271332,17.38960838317871,0.5226156115531921,0 days 00:01:09.232315
21,0.71436026096344,COMPLETE,0.6304640632935605,48,16,0.2848149194700843,16,0.00024133080651010137,2,11,1024,10.930099,0.04706018045544624,24.3441219329834,0.8201174736022949,0 days 00:04:47.832805
22,0.7282373607158661,COMPLETE,0.6193683403280495,48,16,0.29931054500176657,16,0.002598535813915541,2,11,1024,10.930099,0.04790639877319336,24.329357147216797,0.8482407927513123,0 days 00:04:47.795245
23,0.7261021971702576,COMPLETE,0.5020622022711827,32,16,0.23179936242481536,32,0.002562174430517763,2,11,2048,4.871139,0.04928562790155411,24.081165313720703,0.8501752614974976,0 days 00:02:51.377944
24,0.7376846313476563,COMPLETE,0.5259249457197235,48,16,0.22831461599364022,16,0.0007959013675041019,2,11,1024,10.930099,0.04478463903069496,24.87848472595215,0.8534071445465088,0 days 00:04:47.838800
25,0.4472382694482803,PRUNED,0.7055205924901897,64,64,0.24204564812681198,32,0.0027999578344624133,0,4,2048,16.488355,0.10802803188562393,17.18603515625,0.46482565999031067,0 days 00:02:17.285293
26,0.7320351898670197,COMPLETE,0.5843744924854561,64,16,0.2682232562874086,16,0.0018029120285088793,2,11,1024,19.421075,0.04671323671936989,24.51165199279785,0.851279079914093,0 days 00:06:03.919558
27,0.47498953342437744,PRUNED,0.5231022437535208,48,64,0.23220053700637125,16,0.000613248457359156,0,4,1024,9.271219,0.10300032794475555,17.46807098388672,0.5132772922515869,0 days 00:01:47.598092
28,0.7154496312141418,COMPLETE,0.505757031517282,48,32,0.1749009894140544,32,0.0005073839026020794,2,11,2048,10.942403,0.047775983810424805,24.18341636657715,0.826313853263855,0 days 00:04:34.336519
29,0.6133476614952087,PRUNED,0.546108300004401,64,16,0.23002674373186266,64,0.0009288053873285723,1,4,4096,18.880451,0.08068510890007019,19.880510330200195,0.7296825647354126,0 days 00:02:28.047287
