number,value,state,params_alpha,params_joint_lr,params_lambda_b,params_lambda_c,params_tau,user_attrs_val_gate_acc,user_attrs_val_psnr,user_attrs_val_ssim,duration
0,0.7910781249403954,COMPLETE,0.8,0.0001,0.01,0.1,1.0,0.9945652173913043,40.42487716674805,0.8623360395431519,0 days 00:06:10.480015
1,0.7919003650546074,COMPLETE,0.5702083881990965,3.574712922600245e-05,0.030405325392865647,0.29106359131330695,2.746436300285509,0.9959239130434783,36.762733459472656,0.8631885647773743,0 days 00:06:11.276865
2,0.7912233605980873,COMPLETE,0.8186326600082204,1.6998978382700755e-05,0.030834348179355788,0.5399484409787431,0.554840098004973,0.9959239130434783,42.745140075683594,0.8617004752159119,0 days 00:06:07.598460
3,0.791482225060463,COMPLETE,0.5818212352431953,1.072520974317199e-05,0.0033572967053517922,0.46225890010208287,2.8425398939327113,0.9959239130434783,36.78798294067383,0.8627088069915771,0 days 00:06:11.216084
4,0.791139194369316,COMPLETE,0.6310531130891188,1.8659959624904922e-05,0.01174843954800703,0.11207606211860566,0.8624153664054479,0.9972826086956522,40.36493682861328,0.8624080419540405,0 days 00:06:06.669033
5,0.7911878377199173,COMPLETE,0.7052314928976662,8.01273750399854e-05,0.008082071885709252,0.03839629299804171,0.6419738329052039,0.9959239130434783,43.172996520996094,0.8625243902206421,0 days 00:06:06.407694
6,0.7913766667246819,COMPLETE,0.5330527932120186,2.4268426721429407e-05,0.1407782401253848,0.7625354112574195,1.976674628841125,0.9959239130434783,38.299095153808594,0.8626543283462524,0 days 00:06:10.913454
7,0.7913950890302658,COMPLETE,0.5113451393521222,0.0001403341967475434,0.01201558055582022,0.7931814300656324,2.7077210905074383,0.9959239130434783,37.0157356262207,0.8626524209976196,0 days 00:06:11.104466
8,0.7920232981443405,COMPLETE,0.6907953157266353,1.4479164082249935e-05,0.03036611848000923,0.05992594775692685,2.8769358391132047,0.9972826086956522,36.375755310058594,0.8632700443267822,0 days 00:06:11.339285
9,0.7917248144745828,COMPLETE,0.9141061598898323,1.744346992848086e-05,0.017740748721561436,0.07591380187861843,2.6912381244084416,0.9972826086956522,36.472408294677734,0.862994909286499,0 days 00:06:11.344764
10,0.7976073175668716,COMPLETE,0.5672084224420331,1.0703714342323084e-05,0.035859595734415,0.01797392782801975,2.038311990770474,0.9809782608695652,36.857967376708984,0.8702505230903625,0 days 00:06:12.204612
11,0.7953742787241935,COMPLETE,0.6141133072034576,1.934316727488784e-05,0.07209239901666242,0.02549814659600943,2.6599020309156467,0.9918478260869565,36.495296478271484,0.8678167462348938,0 days 00:06:12.127784
12,0.7970857590436935,COMPLETE,0.5100956955363896,1.0506440744189352e-05,0.07291190945142353,0.01783816456446994,1.4301130557547352,0.9864130434782609,38.5668830871582,0.8694841265678406,0 days 00:06:11.282066
13,0.8018237605690955,COMPLETE,0.5182343054655343,1.590479650247364e-05,0.009478819034367123,0.01447295565521209,1.0631949553148388,0.9442934782608695,40.42463302612305,0.8710818290710449,0 days 00:06:09.381049
14,0.7946989104151726,COMPLETE,0.5489190415715113,2.6003803935273473e-05,0.003528267255572117,0.026118147342130457,1.5013682636586743,0.9864130434782609,39.2706413269043,0.867209255695343,0 days 00:06:11.502266
