number,value,state,params_base_channels,params_batch_size,params_d_lr,params_dropout,params_emb_dim,params_g_lr,params_lambda_l1,user_attrs_val_lpips_last,user_attrs_val_ssim_last,duration
0,0.6057034134864807,COMPLETE,64,8,0.0002,0.5,16,0.0002,100.0,0.23053736984729767,0.4412810206413269,0 days 00:03:51.283211
1,0.6163572271664938,COMPLETE,64,4,0.0004463590152176814,0.3005575058716044,32,0.00011844319751820385,121.06896936002164,0.21749025583267212,0.45064905285835266,0 days 00:05:58.592467
2,0.5119027495384216,COMPLETE,64,16,7.59967415065491e-05,0.06974693032602092,32,8.152843673110742e-05,105.0842133869176,0.4067266583442688,0.43221786618232727,0 days 00:03:08.902274
3,0.5406351685523987,COMPLETE,64,16,0.00016338208828908828,0.4828160165372797,8,7.918515779559379e-05,77.66184280392886,0.3147730827331543,0.40026676654815674,0 days 00:02:58.440413
4,0.5182284514109293,COMPLETE,48,16,6.622290670049676e-05,0.2600340105889054,32,0.00013775979824755377,101.96967939171478,0.4093058407306671,0.4458847641944885,0 days 00:02:33.077080
5,0.6178016662597656,COMPLETE,64,8,0.00039246176690796805,0.194338644844741,16,0.000434979656425666,23.200867504756822,0.20753301680088043,0.4424096941947937,0 days 00:03:51.254499
6,0.4709303379058838,PRUNED,32,16,6.916624987609979e-05,0.4077307142274171,32,0.00017444803725696098,12.483440997339653,,,0 days 00:00:45.106880
7,0.5917142033576965,COMPLETE,64,4,6.528885674498617e-05,0.36480308916903204,16,0.00011413943879952569,14.308552498147842,0.2338545173406601,0.41461363434791565,0 days 00:05:53.920104
8,0.5510284900665283,PRUNED,48,8,0.0004382689249545246,0.2118802160959746,16,0.0002186783371354288,12.68602825649133,,,0 days 00:01:16.623265
9,0.6154539386431376,COMPLETE,64,8,0.0002818846666088118,0.30426310884001206,16,0.00032961334091825205,43.53174437068983,0.2101789265871048,0.4430427849292755,0 days 00:03:51.792513
10,0.5771132111549377,PRUNED,64,8,0.0002544757526598838,0.028598864354417303,16,0.0002648719850776416,14.008686198909922,,,0 days 00:01:57.755203
11,0.620338241259257,COMPLETE,64,4,0.0004710891715749794,0.21490247430341883,32,0.00015592362110999997,113.22761550971289,0.212767094373703,0.4528684914112091,0 days 00:05:59.675749
12,0.6296389698982239,COMPLETE,64,4,0.00021346679252077594,0.0702996610985879,32,0.0002468069487038993,167.22983973712113,0.2101329118013382,0.4699682891368866,0 days 00:05:59.873956
13,0.6321027080217997,COMPLETE,64,4,0.0001739775174167037,0.014671939542728746,32,0.00027890944284821414,169.00293839679196,0.2097855508327484,0.4737706184387207,0 days 00:05:59.454564
14,0.5680725574493408,PRUNED,64,4,7.634842772737919e-05,0.10264751214875804,32,0.00032444044893269815,120.84180323244072,,,0 days 00:02:25.029259
15,0.564550518989563,PRUNED,32,4,0.00021453908812550489,0.000992745941134814,8,0.00025997572636473617,129.08001931785194,,,0 days 00:01:38.986431
16,0.5905517935752869,PRUNED,48,4,0.0002038673818363076,0.23648029697657225,32,0.00025022413720096094,198.84027189050457,,,0 days 00:02:22.265791
17,0.5816233158111572,PRUNED,64,4,0.00018783844620026428,0.011030824416631564,32,0.00011437784312601874,104.89300051694924,,,0 days 00:02:25.237382
18,0.5204919576644897,PRUNED,64,16,0.00023945988429367645,0.08159902448195921,32,0.00040620724408997383,159.72465777536917,,,0 days 00:01:11.184405
19,0.6286424597104391,COMPLETE,64,4,0.00027837431941850414,0.01983510737525207,16,0.000396283502354163,193.60001570343243,0.21040555834770203,0.4690936505794525,0 days 00:05:54.509301
