number,value,state,params_alpha,params_base_channels,params_batch_size,params_dropout,params_latent_channels,params_lr,params_skip_channels,params_skip_levels,user_attrs_best_epoch,user_attrs_code_dim,user_attrs_compression,user_attrs_invalid,user_attrs_latent_dim,user_attrs_params_M,user_attrs_val_mae,user_attrs_val_psnr,user_attrs_val_ssim,duration
0,0.5214156746864319,COMPLETE,0.8,32,32,0.1,32,0.001,4,0,11.0,2048,24.0,,2048.0,4.133859,0.08430160582065582,19.186765670776367,0.5631622076034546,0 days 00:02:47.007953
1,0.535080635547638,COMPLETE,0.8745991883601898,48,16,0.29097295564859826,64,0.0003574712922600243,4,0,11.0,4096,12.0,,4096.0,9.308131,0.07393519580364227,20.13124656677246,0.5668801069259644,0 days 00:04:47.424473
2,0.6641233801841736,COMPLETE,0.5767358556592812,48,16,0.1822634555704315,32,0.0002692655251486473,2,2,10.0,4608,10.666666666666666,,2048.0,9.295047,0.05943642556667328,22.40323257446289,0.7681659460067749,0 days 00:04:53.321417
3,0.49530039429664613,COMPLETE,0.9363130824940513,64,64,0.05545633665765811,16,0.0010249322216924156,4,1,11.0,2048,24.0,,1024.0,16.492439,0.08930894732475281,18.696409225463867,0.5231905579566956,0 days 00:05:50.830112
4,0.496205598115921,COMPLETE,0.9440991214702328,64,64,0.022365193103931248,16,0.0001947558230629544,2,0,11.0,1024,48.0,,1024.0,16.471955,0.08069954812526703,19.370193481445312,0.5081563591957092,0 days 00:05:48.188617
5,,PRUNED,0.8992457341593469,64,32,0.19126724140656393,8,0.0013780336485752,8,2,,10752,4.571428571428571,code 10752 > 6144,,,,,,0 days 00:00:00.104979
6,,PRUNED,0.8399980123443719,48,16,0.12311487691068891,32,0.0005362853964441848,4,2,,7168,6.857142857142857,code 7168 > 6144,,,,,,0 days 00:00:00.101125
7,0.5160860478878021,COMPLETE,0.8681066446651219,32,16,0.1281323365878769,64,0.0008622121759478739,2,0,11.0,4096,12.0,,4096.0,4.150275,0.08572592586278915,19.051959991455078,0.5558730959892273,0 days 00:02:52.295785
8,0.5801133871078491,COMPLETE,0.551427235108643,48,16,0.2641222728350926,32,0.00018992023782355737,2,1,11.0,2560,19.2,,2048.0,9.291205,0.07093510776758194,20.619647979736328,0.64473557472229,0 days 00:04:49.263082
9,0.651213264465332,COMPLETE,0.6949110464799528,64,16,0.2636213545176282,16,0.00014088152666952094,2,2,11.0,3584,13.714285714285714,,1024.0,16.487319,0.060968589037656784,22.14773941040039,0.7487330436706543,0 days 00:06:08.189210
10,0.6755234003067017,COMPLETE,0.5529425481300598,64,16,0.1431119706480631,32,0.00043158610246222954,2,2,10.0,4608,10.666666666666666,,2048.0,16.503719,0.05711625888943672,22.755155563354492,0.782167911529541,0 days 00:06:07.603596
11,0.6709046602249146,COMPLETE,0.528095132599364,48,16,0.11138890449839174,32,0.00029040136939803297,2,2,11.0,4608,10.666666666666666,,2048.0,9.295047,0.057767193764448166,22.6357479095459,0.7759156227111816,0 days 00:04:53.982263
12,0.6768290162086487,COMPLETE,0.5443527385126621,64,16,0.04766146066116407,8,0.00042854715308687384,2,2,11.0,3072,16.0,,512.0,16.479119,0.056701090186834335,22.797544479370117,0.7837194204330444,0 days 00:06:08.389624
13,,PRUNED,0.5065895755300305,64,16,0.14254122593852114,8,0.0006862104741500252,8,2,,10752,4.571428571428571,code 10752 > 6144,,,,,,0 days 00:00:00.103996
14,0.5216035127639771,PRUNED,0.6301068344592624,32,16,0.0009725031159868586,8,0.0004748227396620231,2,0,4.0,512,96.0,,512.0,4.121547,0.09258310496807098,18.46002960205078,0.5817062854766846,0 days 00:01:13.372462
15,0.6733862578868866,COMPLETE,0.6163738209940728,64,32,0.020824047746490167,8,0.0005673481081452295,2,2,11.0,3072,16.0,,512.0,16.479119,0.05661478638648987,22.78201675415039,0.7772220969200134,0 days 00:05:55.350819
16,0.54146768450737,PRUNED,0.6550135679165707,64,16,0.11764136825128857,32,0.0005708067185333292,2,1,4.0,2560,19.2,,2048.0,16.498597,0.08911748230457306,18.957103729248047,0.6090077757835388,0 days 00:02:32.921220
17,0.6669520676136017,COMPLETE,0.8023367873440209,64,16,0.07682012137879515,8,0.0003249794498540756,2,2,11.0,3072,16.0,,512.0,16.479119,0.05706053599715233,22.745515823364258,0.7652662396430969,0 days 00:06:08.634027
18,,PRUNED,0.5581386003223295,32,16,0.05317714628252469,64,0.0010087303146345107,2,2,,6656,7.384615384615385,code 6656 > 6144,,,,,,0 days 00:00:00.107886
19,0.6761314034461975,COMPLETE,0.6518465531400587,64,16,0.1248051482741629,16,0.0005285379682314393,2,2,11.0,3584,13.714285714285714,,1024.0,16.487319,0.05517607182264328,22.970569610595703,0.7779985666275024,0 days 00:06:08.030007
20,0.69667267203331,COMPLETE,0.6962129426150809,64,16,0.1285138985128717,16,0.0006122355918040243,4,2,11.0,6144,8.0,,1024.0,16.502683,0.052570756524801254,23.441373825073242,0.8073109984397888,0 days 00:06:08.206367
21,0.6045534074306488,PRUNED,0.644830621816773,64,64,0.1613880897056092,16,0.0014506390830851745,4,2,4.0,6144,8.0,,1024.0,16.502683,0.08479747921228409,19.674518585205078,0.7172438502311707,0 days 00:02:29.665705
22,0.6998007118701934,COMPLETE,0.5829218661710988,64,16,0.056556852696172374,16,0.0002749517764954212,4,2,11.0,6144,8.0,,1024.0,16.502683,0.05264677107334137,23.51626968383789,0.8116946816444397,0 days 00:06:08.487055
23,,PRUNED,0.5104862789546835,64,16,0.004210883851317591,16,0.00018557996470423713,8,2,,11264,4.363636363636363,code 11264 > 6144,,,,,,0 days 00:00:00.117785
24,0.5735719799995422,PRUNED,0.5823200534471499,64,16,0.14029405004419412,16,0.00017726795692436678,4,1,4.0,2048,24.0,,1024.0,16.492439,0.0811338946223259,19.750919342041016,0.6533709764480591,0 days 00:02:32.708774
25,0.6897295236587524,COMPLETE,0.576947924486584,64,16,0.07371803248048597,8,0.00014255854922725725,4,2,11.0,5632,8.727272727272727,,512.0,16.494483,0.05335548520088196,23.36011505126953,0.7954561710357666,0 days 00:06:08.886687
26,,PRUNED,0.6733508241111722,64,64,0.07245533609584036,32,0.00022192711238051005,4,2,,7168,6.857142857142857,code 7168 > 6144,,,,,,0 days 00:00:00.103396
27,0.6591817378997803,PRUNED,0.6308001297399842,32,16,0.06744684738653584,8,0.00020816835021674756,4,2,7.0,5632,8.727272727272727,,512.0,4.136915,0.06150713562965393,22.201683044433594,0.7633213996887207,0 days 00:01:59.405053
28,,PRUNED,0.6215842236950603,64,16,0.0431013494827457,64,0.0004512965500051822,4,2,,9216,5.333333333333333,code 9216 > 6144,,,,,,0 days 00:00:00.106037
29,0.5208342790603637,PRUNED,0.5534904092397271,64,32,0.04313908745010424,16,0.00016211046184516105,4,0,4.0,1024,48.0,,1024.0,16.471955,0.0885295420885086,18.78496742248535,0.5720443725585938,0 days 00:02:28.236336
30,0.6935557782649994,COMPLETE,0.6583235336662464,48,16,0.10567261542236642,16,0.0005916009169204208,4,2,11.0,6144,8.0,,1024.0,9.294267,0.05323893576860428,23.337085723876953,0.803684413433075,0 days 00:04:53.840146
31,0.6984140455722809,COMPLETE,0.6698777114968314,48,16,0.08160048426594654,16,0.0005441273275627454,4,2,11.0,6144,8.0,,1024.0,9.294267,0.052932657301425934,23.44854736328125,0.8106144070625305,0 days 00:04:54.898106
32,0.7064520418643951,COMPLETE,0.5202477007155033,48,16,0.07129363173203525,16,0.0007704861433136329,4,2,11.0,6144,8.0,,1024.0,9.294267,0.052051473408937454,23.55703353881836,0.8239782452583313,0 days 00:04:54.258317
33,0.696743768453598,COMPLETE,0.513241137635564,48,16,0.011726600969190946,16,0.0002760745230446382,4,2,11.0,6144,8.0,,1024.0,9.294267,0.054435983300209045,23.262954711914062,0.8119136691093445,0 days 00:04:54.318302
34,0.6790916144847869,COMPLETE,0.5077039866770038,48,16,0.057128062222696764,16,0.00012735876841675446,4,2,11.0,6144,8.0,,1024.0,9.294267,0.05713467672467232,22.814804077148438,0.787813127040863,0 days 00:04:53.743384
35,0.62276651263237,PRUNED,0.5174553273897037,48,32,0.09346388281955728,16,0.0012281954181714311,4,2,3.0,6144,8.0,,1024.0,9.294267,0.07915526628494263,20.160036087036133,0.7543877959251404,0 days 00:01:58.401521
36,0.5406023323535919,PRUNED,0.5295754060151903,48,16,0.11957840105355713,32,0.0011542526178095688,4,0,4.0,2048,24.0,,2048.0,9.283523,0.08905887603759766,18.865020751953125,0.6095791459083557,0 days 00:02:01.595485
